<?xml version="1.0" encoding="UTF-8"?>
<testsuite xmlns:xsi="http://www.w3.org/2001/XMLSchema-instance" xsi:noNamespaceSchemaLocation="https://maven.apache.org/surefire/maven-surefire-plugin/xsd/surefire-test-report.xsd" name="com.mastek.core2.AppTest" time="0.08" tests="1" errors="1" skipped="0" failures="0">
  <properties>
[...]
</properties>
  <testcase name="com.mastek.core2.AppTest" classname="com.mastek.core2.AppTest" time="0.079">
    <error message="IOException parsing XML document from class path resource [applicationConfig.xml]; nested exception is java.io.FileNotFoundException: class path resource [applicationConfig.xml] cannot be opened because it does not exist" type="org.springframework.beans.factory.BeanDefinitionStoreException">org.springframework.beans.factory.BeanDefinitionStoreException: IOException parsing XML document from class path resource [applicationConfig.xml]; nested exception is java.io.FileNotFoundException: class path resource [applicationConfig.xml] cannot be opened because it does not exist
	at com.mastek.core2.AppTest.beforeAll(AppTest.java:29)
Caused by: java.io.FileNotFoundException: class path resource [applicationConfig.xml] cannot be opened because it does not exist
	at com.mastek.core2.AppTest.beforeAll(AppTest.java:29)
</error>
  </testcase>
</testsuite>