<?xml version="1.0" encoding="UTF-8"?>
<testsuite xmlns:xsi="http://www.w3.org/2001/XMLSchema-instance" xsi:noNamespaceSchemaLocation="https://maven.apache.org/surefire/maven-surefire-plugin/xsd/surefire-test-report.xsd" name="com.mastek.unittesting.SampleTest" time="0.015" tests="4" errors="0" skipped="1" failures="0">
  <properties>
[...]
</properties>
  <testcase name="testAddMixMaxPositive" classname="com.mastek.unittesting.SampleTest" time="0">
    <skipped message="void com.mastek.unittesting.SampleTest.testAddMixMaxPositive() is @Disabled"/>
    <system-out><![CDATA[BeforAll
]]></system-out>
  </testcase>
  <testcase name="testAddMixMaxNegative" classname="com.mastek.unittesting.SampleTest" time="0.002"/>
  <testcase name="testAddBothPositive" classname="com.mastek.unittesting.SampleTest" time="0.001"/>
  <testcase name="testAddBothNegative" classname="com.mastek.unittesting.SampleTest" time="0.002"/>
</testsuite>