<?xml version="1.0" encoding="UTF-8"?>
<testsuite xmlns:xsi="http://www.w3.org/2001/XMLSchema-instance" xsi:noNamespaceSchemaLocation="https://maven.apache.org/surefire/maven-surefire-plugin/xsd/surefire-test-report.xsd" name="com.mastek.bankapp09.AppTest" time="0.076" tests="2" errors="0" skipped="0" failures="0">
  <properties>
[...]
</properties>
  <testcase name="withdrawException" classname="com.mastek.bankapp09.AppTest" time="0.033"/>
  <testcase name="withdraw1000" classname="com.mastek.bankapp09.AppTest" time="0"/>
</testsuite>